Arguments: 
  C:\Program Files\nodejs\node.exe C:\Program Files (x86)\Yarn\bin\yarn.js add webpack-cli -D

PATH: 
  %INTEL_DEV_REDIST%redist\intel64_win\compiler;%INTEL_DEV_REDIST%redist\intel64\compiler;C:\Program Files (x86)\Common Files\Oracle\Java\javapath;C:\ProgramData\Oracle\Java\javapath;C:\Windows\system32;C:\Windows;C:\Windows\System32\Wbem;C:\Windows\System32\WindowsPowerShell\v1.0\;C:\Program Files (x86)\NVIDIA Corporation\PhysX\Common;C:\Program Files\dotnet\;C:\Program Files\Microsoft SQL Server\130\Tools\Binn\;C:\Program Files\Git\cmd;D:\wamp64\bin\mysql\mysql5.7.14\bin;C:\Program Files\nodejs\;C:\Program Files\TortoiseSVN\bin;C:\Program Files (x86)\Yarn\bin\;C:\Ruby24-x64\bin;C:\Users\Administrator\AppData\Local\Microsoft\WindowsApps;C:\Program Files\Microsoft VS Code\bin;C:\Users\Administrator\AppData\Roaming\npm;C:\Users\Administrator\AppData\Local\Yarn\bin

Yarn version: 
  1.6.0

Node version: 
  8.11.1

Platform: 
  win32 x64

Trace: 
  Error: ENOENT: no such file or directory, copyfile 'C:\Users\Administrator\AppData\Local\Yarn\Cache\v1\npm-is-extglob-2.1.1-a88c02535791f02ed37c76a1b9ea9773c833f8c2\index.js' -> 'C:\react\react-cli-test\node_modules\chokidar\node_modules\is-extglob\index.js'

npm manifest: 
  {
    "name": "mobx-react-boilerplate",
    "version": "1.0.0",
    "description": "Boilerplate for MobX + React project with JSX, ES6 and decorator compilation",
    "scripts": {
      "start": "webpack-dev-server --hot --open --port 11111 --config  config/webpack.dev.config.js",
      "build": "webpack --config config/webpack.prod.config.js",
      "lint": "eslint src"
    },
    "repository": {
      "type": "git",
      "url": "https://github.com/mobxjs/mobx-react-boilerplate.git"
    },
    "keywords": [
      "react",
      "reactjs",
      "boilerplate",
      "mobx",
      "starter-kit"
    ],
    "author": "Michel Weststrate <mweststrate@gmail.com> (http://github.com/mweststrate)",
    "license": "MIT",
    "bugs": {
      "url": "https://github.com/mobxjs/mobx/issues"
    },
    "homepage": "http://mobxjs.github.com/mobx",
    "devDependencies": {
      "babel-core": "^6.9.1",
      "babel-loader": "^7.1.2",
      "babel-plugin-transform-decorators-legacy": "^1.3.4",
      "babel-plugin-transform-runtime": "^6.23.0",
      "babel-preset-es2015": "^6.9.0",
      "babel-preset-react": "^6.5.0",
      "babel-preset-stage-1": "^6.5.0",
      "copy-webpack-plugin": "^4.5.1",
      "css-loader": "^0.28.11",
      "html-webpack-plugin": "^3.2.0",
      "node-sass": "^4.9.0",
      "sass-loader": "^7.0.1",
      "style-loader": "^0.21.0",
      "uglifyjs-webpack-plugin": "^1.2.5",
      "url-loader": "^1.0.1",
      "webpack": "^4.6.0",
      "webpack-dev-server": "^3.1.3",
      "webpack-merge": "^4.1.2"
    },
    "dependencies": {
      "react": "^16.3.2",
      "react-dom": "^16.3.2",
      "dva": "^2.2.3"
    }
  }

yarn manifest: 
  No manifest

Lockfile: 
  No lockfile
